<?xml version="1.0" encoding="UTF-8"?>
<!-- Generated by org.testng.reporters.JUnitReportReporter -->
<testsuite skipped="0" hostname="DESKTOP-8KLIGMJ" name="com.qa.testcases.LoginPageTest" tests="2" failures="0" timestamp="10 mars 2020 16:19:25 GMT" time="50.137" errors="0">
  <testcase name="loginPageTitleTest" time="27.301" classname="com.qa.testcases.LoginPageTest"/>
  <testcase name="loginTest" time="22.836" classname="com.qa.testcases.LoginPageTest"/>
</testsuite> <!-- com.qa.testcases.LoginPageTest -->
